<?xml version="1.0" encoding="UTF-8"?>
<!-- Generated by org.testng.reporters.JUnitReportReporter -->
<testsuite hostname="DESKTOP-F4AU5O4" failures="0" tests="1" name="testCases.TC04Test" time="22.141" errors="0" timestamp="2021-09-14T15:37:34 IST" skipped="0">
  <testcase classname="testCases.TC04Test" name="searchUser" time="22.141"/>
  <system-out/>
</testsuite> <!-- testCases.TC04Test -->
