<?xml version="1.0" encoding="UTF-8"?>
<!-- Generated by org.testng.reporters.JUnitReportReporter -->
<testsuite hostname="DESKTOP-F4AU5O4" failures="0" tests="1" name="testCases.TC06Test" time="26.945" errors="0" timestamp="2021-09-14T15:26:11 IST" skipped="0">
  <testcase classname="testCases.TC06Test" name="addCandidateDetails" time="26.945"/>
  <system-out/>
</testsuite> <!-- testCases.TC06Test -->
