<?xml version="1.0" encoding="UTF-8"?>
<!-- Generated by org.testng.reporters.JUnitReportReporter -->
<testsuite hostname="DESKTOP-F4AU5O4" failures="0" tests="1" name="testCases.TC05Test" time="15.137" errors="0" timestamp="2021-09-14T11:44:25 IST" skipped="0">
  <testcase classname="testCases.TC05Test" name="addCandidateDetails" time="15.137"/>
  <system-out/>
</testsuite> <!-- testCases.TC05Test -->
