<?xml version="1.0" encoding="UTF-8"?>
<!-- Generated by org.testng.reporters.JUnitReportReporter -->
<testsuite hostname="DESKTOP-F4AU5O4" failures="0" tests="1" name="testCases.TC12Test" time="33.331" errors="0" timestamp="2021-09-14T17:14:22 IST" skipped="0">
  <testcase classname="testCases.TC12Test" name="leave" time="33.331"/>
  <system-out>
    <![CDATA[Leave status is verified]]>
  </system-out>
</testsuite> <!-- testCases.TC12Test -->
