<?xml version="1.0" encoding="UTF-8"?>
<!-- Generated by org.testng.reporters.JUnitReportReporter -->
<testsuite hostname="DESKTOP-F4AU5O4" failures="0" tests="1" name="testCases.TC07Test" time="29.979" errors="0" timestamp="2021-09-14T14:38:36 IST" skipped="0">
  <testcase classname="testCases.TC07Test" name="login" time="29.979"/>
  <system-out/>
</testsuite> <!-- testCases.TC07Test -->
